\BOOKMARK [0][-]{chapter.1}{\376\377\000I\000n\000t\000r\000o\000d\000u\000c\000t\000i\000o\000n}{}% 1
\BOOKMARK [0][-]{chapter.2}{\376\377\000M\000E\000C\000\040\000\046\000\040\0005\000G}{}% 2
\BOOKMARK [1][-]{section.2.1}{\376\377\000K\000e\000y\000\040\000c\000o\000n\000c\000e\000p\000t\000s\000\040\000i\000n\000\040\0005\000G}{chapter.2}% 3
\BOOKMARK [1][-]{section.2.2}{\376\377\0005\000G\000\040\000s\000y\000s\000t\000e\000m\000\040\000a\000r\000c\000h\000i\000t\000e\000c\000t\000u\000r\000e}{chapter.2}% 4
\BOOKMARK [1][-]{section.2.3}{\376\377\000M\000E\000C\000\040\000s\000y\000s\000t\000e\000m\000\040\000c\000o\000n\000c\000e\000p\000t\000\040\000a\000n\000d\000\040\000a\000r\000c\000h\000i\000t\000e\000c\000t\000u\000r\000e}{chapter.2}% 5
\BOOKMARK [1][-]{section.2.4}{\376\377\000I\000n\000t\000e\000g\000r\000a\000t\000i\000o\000n\000\040\000o\000f\000\040\000M\000E\000C\000\040\000i\000n\000t\000o\000\040\0005\000G\000\040\000s\000y\000s\000t\000e\000m}{chapter.2}% 6
\BOOKMARK [0][-]{chapter.3}{\376\377\000O\000p\000e\000n\000-\000s\000o\000u\000r\000c\000e\000\040\000M\000E\000C\000\040\000S\000o\000l\000u\000t\000i\000o\000n\000s}{}% 7
\BOOKMARK [1][-]{section.3.1}{\376\377\000A\000k\000r\000a\000i\000n\000o\000\040\000p\000r\000o\000j\000e\000c\000t\000s}{chapter.3}% 8
\BOOKMARK [2][-]{subsection.3.1.1}{\376\377\000C\000o\000n\000n\000e\000c\000t\000e\000d\000\040\000V\000e\000h\000i\000c\000l\000e\000s\000\040\000B\000l\000u\000e\000p\000r\000i\000n\000t}{section.3.1}% 9
\BOOKMARK [2][-]{subsection.3.1.2}{\376\377\000E\000n\000t\000e\000r\000p\000r\000i\000s\000e\000\040\000A\000p\000p\000l\000i\000c\000a\000t\000i\000o\000n\000s\000\040\000o\000n\000\040\000L\000i\000g\000h\000t\000w\000e\000i\000g\000h\000t\000\040\0005\000G\000\040\000T\000e\000l\000c\000o\000\040\000E\000d\000g\000e}{section.3.1}% 10
\BOOKMARK [1][-]{section.3.2}{\376\377\000I\000n\000t\000e\000l\000\040\000E\000d\000g\000e\000\040\000P\000r\000o\000j\000e\000c\000t\000s}{chapter.3}% 11
\BOOKMARK [2][-]{subsection.3.2.1}{\376\377\000O\000p\000e\000n\000N\000E\000S\000S}{section.3.2}% 12
\BOOKMARK [2][-]{subsection.3.2.2}{\376\377\000S\000m\000a\000r\000t\000\040\000E\000d\000g\000e\000\040\000O\000p\000e\000n}{section.3.2}% 13
\BOOKMARK [1][-]{section.3.3}{\376\377\000E\000U\000R\000E\000C\000O\000M\000\040\000a\000n\000d\000\040\000O\000p\000e\000n\000A\000i\000r\000I\000n\000t\000e\000r\000f\000a\000c\000e\000\040\000P\000r\000o\000j\000e\000c\000t\000s}{chapter.3}% 14
\BOOKMARK [2][-]{subsection.3.3.1}{\376\377\000L\000L\000-\000M\000E\000C}{section.3.3}% 15
\BOOKMARK [2][-]{subsection.3.3.2}{\376\377\000M\000E\000C\000\040\000p\000l\000a\000t\000f\000o\000r\000m\000\040\000b\000y\000\040\000E\000U\000R\000E\000C\000O\000M}{section.3.3}% 16
\BOOKMARK [1][-]{section.3.4}{\376\377\000O\000t\000h\000e\000r\000\040\000M\000E\000C\000\040\000p\000r\000o\000j\000e\000c\000t\000s}{chapter.3}% 17
\BOOKMARK [2][-]{subsection.3.4.1}{\376\377\000A\000d\000v\000a\000n\000t\000E\000D\000G\000E}{section.3.4}% 18
\BOOKMARK [0][-]{chapter.4}{\376\377\000M\000o\000b\000i\000l\000e\000\040\000n\000e\000t\000w\000o\000r\000k\000\040\000e\000m\000u\000l\000a\000t\000i\000o\000n\000:\000\040\000O\000p\000e\000n\000A\000i\000r\000I\000n\000t\000e\000r\000f\000a\000c\000e}{}% 19
\BOOKMARK [1][-]{section.4.1}{\376\377\000O\000A\000I\000\040\000R\000A\000N}{chapter.4}% 20
\BOOKMARK [1][-]{section.4.2}{\376\377\000O\000A\000I\000\040\000C\000N}{chapter.4}% 21
\BOOKMARK [1][-]{section.4.3}{\376\377\000M\000o\000s\000a\000i\000c\0005\000G}{chapter.4}% 22
\BOOKMARK [0][-]{chapter.5}{\376\377\000V\000E\000C\000\040\000t\000e\000s\000t\000b\000e\000d}{}% 23
\BOOKMARK [1][-]{section.5.1}{\376\377\000V\000E\000C\000\040\000t\000e\000s\000t\000b\000e\000d\000\040\000d\000e\000s\000i\000g\000n}{chapter.5}% 24
\BOOKMARK [1][-]{section.5.2}{\376\377\000V\000E\000C\000\040\000a\000p\000p\000l\000i\000c\000a\000t\000i\000o\000n\000\040\000b\000l\000u\000e\000p\000r\000i\000n\000t}{chapter.5}% 25
\BOOKMARK [2][-]{subsection.5.2.1}{\376\377\000S\000e\000r\000v\000i\000c\000e\000\040\000r\000e\000g\000i\000s\000t\000r\000a\000t\000i\000o\000n}{section.5.2}% 26
\BOOKMARK [2][-]{subsection.5.2.2}{\376\377\000I\000m\000p\000l\000e\000m\000e\000n\000t\000a\000t\000i\000o\000n\000\040\000o\000f\000\040\000a\000\040\000M\000E\000C\000\040\000a\000p\000p}{section.5.2}% 27
\BOOKMARK [1][-]{section.5.3}{\376\377\000E\000v\000a\000l\000u\000a\000t\000i\000o\000n\000\040\000o\000f\000\040\000V\000E\000C\000\040\000t\000e\000s\000t\000b\000e\000d}{chapter.5}% 28
\BOOKMARK [0][-]{chapter*.30}{\376\377\000R\000e\000f\000e\000r\000e\000n\000c\000e\000s}{}% 29
